2025-05-19 00:43:18,403 - INFO - slith_pet - --- Slith Pet Script Started ---
2025-05-19 00:43:18,403 - INFO - slith_pet - Script directory: C:\Users\moonl\Desktop\echoframe_final_complete
2025-05-19 00:43:18,411 - INFO - slith_pet - Successfully imported from slith_sprites.
2025-05-19 00:43:18,411 - INFO - slith_pet - Successfully imported from slith_constants.
2025-05-19 00:43:18,411 - INFO - slith_utils - Successfully imported constants from slith_constants.
2025-05-19 00:43:18,412 - INFO - slith_pet - Successfully imported from slith_utils.
2025-05-19 00:43:18,414 - INFO - slith_pet - Successfully imported DialogueManager.
2025-05-19 00:43:20,754 - INFO - slith_pet - --- Slith Pet Script Started ---
2025-05-19 00:43:20,754 - INFO - slith_pet - Script directory: C:\Users\moonl\Desktop\echoframe_final_complete
2025-05-19 00:43:20,764 - INFO - slith_pet - Successfully imported from slith_sprites.
2025-05-19 00:43:20,764 - INFO - slith_pet - Successfully imported from slith_constants.
2025-05-19 00:43:20,764 - INFO - slith_utils - Successfully imported constants from slith_constants.
2025-05-19 00:43:20,764 - INFO - slith_pet - Successfully imported from slith_utils.
2025-05-19 00:43:20,770 - INFO - slith_pet - Successfully imported DialogueManager.
2025-05-19 00:44:59,716 - INFO - slith_pet - --- Slith Pet Script Started ---
2025-05-19 00:44:59,717 - INFO - slith_pet - Script directory: C:\Users\moonl\Desktop\echoframe_final_complete
2025-05-19 00:44:59,718 - INFO - slith_pet - Successfully imported from slith_sprites.
2025-05-19 00:44:59,718 - INFO - slith_pet - Successfully imported from slith_constants.
2025-05-19 00:44:59,718 - INFO - slith_utils - Successfully imported constants from slith_constants.
2025-05-19 00:44:59,718 - INFO - slith_pet - Successfully imported from slith_utils.
2025-05-19 00:44:59,719 - INFO - slith_pet - Successfully imported DialogueManager.
